<?xml version="1.0" encoding="UTF-8"?>
<testng-results ignored="0" total="1" passed="1" failed="0" skipped="0">
  <reporter-output>
  </reporter-output>
  <suite started-at="2022-12-21T21:49:47 IST" name="Suite" finished-at="2022-12-21T21:50:13 IST" duration-ms="25882">
    <groups>
    </groups>
    <test started-at="2022-12-21T21:49:47 IST" name="Test" finished-at="2022-12-21T21:50:13 IST" duration-ms="25882">
      <class name="TestCases.VerifyAddingProdductToCart">
        <test-method is-config="true" signature="LaunchURL()[pri:0, instance:TestCases.VerifyAddingProdductToCart@c33b74f]" started-at="2022-12-21T21:49:47 IST" name="LaunchURL" finished-at="2022-12-21T21:50:05 IST" duration-ms="17165" status="PASS">
          <reporter-output>
          </reporter-output>
        </test-method> <!-- LaunchURL -->
        <test-method signature="VerifySumOfProducts()[pri:0, instance:TestCases.VerifyAddingProdductToCart@c33b74f]" started-at="2022-12-21T21:50:05 IST" name="VerifySumOfProducts" finished-at="2022-12-21T21:50:13 IST" duration-ms="8663" status="PASS">
          <reporter-output>
          </reporter-output>
        </test-method> <!-- VerifySumOfProducts -->
      </class> <!-- TestCases.VerifyAddingProdductToCart -->
    </test> <!-- Test -->
  </suite> <!-- Suite -->
</testng-results>
